<?xml version="1.0" encoding="UTF-8"?>
<!-- Generated by org.testng.reporters.JUnitXMLReporter -->
<testsuite hostname="mick-mac.local" ignored="0" tests="6" failures="0" timestamp="20 五月 2018 09:48:52 GMT" time="30.621" errors="0">
  <testcase name="Case-Two test1" time="0.133" classname="TestTest"/>
  <testcase name="Case-Two test2" time="10.008" classname="TestTest"/>
  <testcase name="Case-One test1" time="0.009" classname="TestTest"/>
  <testcase name="Case-One test2" time="10.011" classname="TestTest"/>
  <testcase name="Case-Three test1" time="0.012" classname="TestTest"/>
  <testcase name="Case-Three test2" time="10.007" classname="TestTest"/>
</testsuite>
