<?xml version="1.0" encoding="UTF-8"?>
<testng-results skipped="0" failed="0" total="1" passed="1">
  <reporter-output>
  </reporter-output>
  <suite name="Suite1" duration-ms="9902" started-at="2018-04-13T23:55:24Z" finished-at="2018-04-13T23:55:34Z">
    <groups>
    </groups>
    <test name="Test" duration-ms="9902" started-at="2018-04-13T23:55:24Z" finished-at="2018-04-13T23:55:34Z">
      <class name="GoogleTest">
        <test-method status="PASS" signature="setupClass()[pri:0, instance:GoogleTest@2cf5ee3c]" name="setupClass" is-config="true" duration-ms="9" started-at="2018-04-14T07:55:24Z" finished-at="2018-04-14T07:55:24Z">
          <reporter-output>
          </reporter-output>
        </test-method> <!-- setupClass -->
        <test-method status="PASS" signature="userCanSearch()[pri:0, instance:GoogleTest@2cf5ee3c]" name="userCanSearch" duration-ms="9683" started-at="2018-04-14T07:55:24Z" finished-at="2018-04-14T07:55:34Z">
          <reporter-output>
          </reporter-output>
        </test-method> <!-- userCanSearch -->
        <test-method status="PASS" signature="tearDown()[pri:0, instance:GoogleTest@2cf5ee3c]" name="tearDown" is-config="true" duration-ms="173" started-at="2018-04-14T07:55:34Z" finished-at="2018-04-14T07:55:34Z">
          <reporter-output>
          </reporter-output>
        </test-method> <!-- tearDown -->
      </class> <!-- GoogleTest -->
    </test> <!-- Test -->
  </suite> <!-- Suite1 -->
</testng-results>
